#
# There is insufficient memory for the Java Runtime Environment to continue.
# Native memory allocation (mmap) failed to map 134217728 bytes for G1 virtual space
# Possible reasons:
#   The system is out of physical RAM or swap space
#   The process is running with CompressedOops enabled, and the Java Heap may be blocking the growth of the native heap
# Possible solutions:
#   Reduce memory load on the system
#   Increase physical memory or swap space
#   Check if swap backing store is full
#   Decrease Java heap size (-Xmx/-Xms)
#   Decrease number of Java threads
#   Decrease Java thread stack sizes (-Xss)
#   Set larger code cache with -XX:ReservedCodeCacheSize=
#   JVM is running with Unscaled Compressed Oops mode in which the Java heap is
#     placed in the first 4GB address space. The Java Heap base address is the
#     maximum limit for the native heap growth. Please use -XX:HeapBaseMinAddress
#     to set the Java Heap base and to place the Java Heap above 4GB virtual address.
# This output file may be truncated or incomplete.
#
#  Out of Memory Error (os_windows.cpp:3600), pid=23488, tid=23904
#
# JRE version:  (21.0.1+12) (build )
# Java VM: Java HotSpot(TM) 64-Bit Server VM (21.0.1+12-LTS-29, mixed mode, sharing, tiered, compressed oops, compressed class ptrs, g1 gc, windows-amd64)
# No core dump will be written. Minidumps are not enabled by default on client versions of Windows
#

---------------  S U M M A R Y ------------

Command Line: -Dnet.bytebuddy.agent.attacher.dump= net.bytebuddy.agent.Attacher com.sun.tools.attach.VirtualMachine 3388 C:\Users\Ljubomir\.m2\repository\net\bytebuddy\byte-buddy-agent\1.15.10\byte-buddy-agent-1.15.10.jar false 

Host: Intel(R) Core(TM) i5-4670K CPU @ 3.40GHz, 4 cores, 7G,  Windows 10 , 64 bit Build 19041 (10.0.19041.5072)
Time: Wed Dec 11 15:08:05 2024 Central Europe Standard Time elapsed time: 0.007601 seconds (0d 0h 0m 0s)

---------------  T H R E A D  ---------------

Current thread (0x00000184e8e4e260):  JavaThread "Unknown thread" [_thread_in_vm, id=23904, stack(0x0000002564c00000,0x0000002564d00000) (1024K)]

Stack: [0x0000002564c00000,0x0000002564d00000]
Native frames: (J=compiled Java code, j=interpreted, Vv=VM code, C=native code)
V  [jvm.dll+0x6c9029]
V  [jvm.dll+0x854b81]
V  [jvm.dll+0x856e5e]
V  [jvm.dll+0x857543]
V  [jvm.dll+0x280c06]
V  [jvm.dll+0x6c5715]
V  [jvm.dll+0x6ba10a]
V  [jvm.dll+0x3557ea]
V  [jvm.dll+0x35d436]
V  [jvm.dll+0x3ae1be]
V  [jvm.dll+0x3ae468]
V  [jvm.dll+0x3291fc]
V  [jvm.dll+0x329d8b]
V  [jvm.dll+0x81d179]
V  [jvm.dll+0x3bb4f1]
V  [jvm.dll+0x805ae8]
V  [jvm.dll+0x44effe]
V  [jvm.dll+0x450901]
C  [jli.dll+0x52a3]
C  [ucrtbase.dll+0x21bb2]
C  [KERNEL32.DLL+0x17374]
C  [ntdll.dll+0x4cc91]


---------------  P R O C E S S  ---------------

Threads class SMR info:
_java_thread_list=0x00007ff8fb469b88, length=0, elements={
}

Java Threads: ( => current thread )
Total: 0

Other Threads:
  0x00000184e90843e0 WorkerThread "GC Thread#0"                     [id=6372, stack(0x0000002564d00000,0x0000002564e00000) (1024K)]
  0x00000184e9096fd0 ConcurrentGCThread "G1 Main Marker"            [id=20320, stack(0x0000002564e00000,0x0000002564f00000) (1024K)]
  0x00000184e9098270 WorkerThread "G1 Conc#0"                       [id=21476, stack(0x0000002564f00000,0x0000002565000000) (1024K)]

[error occurred during error reporting (printing all threads), id 0xc0000005, EXCEPTION_ACCESS_VIOLATION (0xc0000005) at pc=0x00007ff8fabdc2c7]
VM state: not at safepoint (not fully initialized)

VM Mutex/Monitor currently owned by a thread:  ([mutex/lock_event])
[0x00007ff8fb4da6f8] Heap_lock - owner thread: 0x00000184e8e4e260

Heap address: 0x0000000080e00000, size: 2034 MB, Compressed Oops mode: 32-bit

CDS archive(s) mapped at: [0x0000000000000000-0x0000000000000000-0x0000000000000000), size 0, SharedBaseAddress: 0x0000000800000000, ArchiveRelocationMode: 1.
Narrow klass base: 0x0000000000000000, Narrow klass shift: 0, Narrow klass range: 0x0

GC Precious Log:
 CardTable entry size: 512
 Card Set container configuration: InlinePtr #cards 5 size 8 Array Of Cards #cards 12 size 40 Howl #buckets 4 coarsen threshold 1843 Howl Bitmap #cards 512 size 80 coarsen threshold 460 Card regions per heap region 1 cards per card region 2048

Heap:
 garbage-first heap   total 0K, used 0K [0x0000000080e00000, 0x0000000100000000)
  region size 1024K, 0 young (0K), 0 survivors (0K)

[error occurred during error reporting (printing heap information), id 0xc0000005, EXCEPTION_ACCESS_VIOLATION (0xc0000005) at pc=0x00007ff8fafc1be9]
GC Heap History (0 events):
No events

Dll operation events (1 events):
Event: 0.005 Loaded shared library C:\Program Files\Java\jdk-21\bin\java.dll

Deoptimization events (0 events):
No events

Classes loaded (0 events):
No events

Classes unloaded (0 events):
No events

Classes redefined (0 events):
No events

Internal exceptions (0 events):
No events

ZGC Phase Switch (0 events):
No events

VM Operations (0 events):
No events

Events (0 events):
No events


Dynamic libraries:
0x00007ff724ef0000 - 0x00007ff724f00000 	C:\Program Files\Java\jdk-21\bin\java.exe
0x00007ff94b110000 - 0x00007ff94b308000 	C:\WINDOWS\SYSTEM32\ntdll.dll
0x00007ff949cf0000 - 0x00007ff949db2000 	C:\WINDOWS\System32\KERNEL32.DLL
0x00007ff948e30000 - 0x00007ff94912e000 	C:\WINDOWS\System32\KERNELBASE.dll
0x00007ff948af0000 - 0x00007ff948bf0000 	C:\WINDOWS\System32\ucrtbase.dll
0x00007ff944150000 - 0x00007ff94416b000 	C:\Program Files\Java\jdk-21\bin\VCRUNTIME140.dll
0x00007ff944130000 - 0x00007ff944149000 	C:\Program Files\Java\jdk-21\bin\jli.dll
0x00007ff949450000 - 0x00007ff949501000 	C:\WINDOWS\System32\ADVAPI32.dll
0x00007ff94a230000 - 0x00007ff94a2ce000 	C:\WINDOWS\System32\msvcrt.dll
0x00007ff949130000 - 0x00007ff9491cf000 	C:\WINDOWS\System32\sechost.dll
0x00007ff949a10000 - 0x00007ff949b33000 	C:\WINDOWS\System32\RPCRT4.dll
0x00007ff948840000 - 0x00007ff948867000 	C:\WINDOWS\System32\bcrypt.dll
0x00007ff949f90000 - 0x00007ff94a12d000 	C:\WINDOWS\System32\USER32.dll
0x00007ff948a20000 - 0x00007ff948a42000 	C:\WINDOWS\System32\win32u.dll
0x00007ff94a130000 - 0x00007ff94a15b000 	C:\WINDOWS\System32\GDI32.dll
0x00007ff931730000 - 0x00007ff9319ca000 	C:\WINDOWS\WinSxS\amd64_microsoft.windows.common-controls_6595b64144ccf1df_6.0.19041.4355_none_60b8b9eb71f62e16\COMCTL32.dll
0x00007ff948bf0000 - 0x00007ff948d07000 	C:\WINDOWS\System32\gdi32full.dll
0x00007ff948a50000 - 0x00007ff948aed000 	C:\WINDOWS\System32\msvcp_win.dll
0x00007ff941310000 - 0x00007ff94131a000 	C:\WINDOWS\SYSTEM32\VERSION.dll
0x00007ff949510000 - 0x00007ff94953f000 	C:\WINDOWS\System32\IMM32.DLL
0x00007ff944120000 - 0x00007ff94412c000 	C:\Program Files\Java\jdk-21\bin\vcruntime140_1.dll
0x00007ff944090000 - 0x00007ff94411e000 	C:\Program Files\Java\jdk-21\bin\msvcp140.dll
0x00007ff8fa8a0000 - 0x00007ff8fb5b5000 	C:\Program Files\Java\jdk-21\bin\server\jvm.dll
0x00007ff949e90000 - 0x00007ff949efb000 	C:\WINDOWS\System32\WS2_32.dll
0x00007ff9403e0000 - 0x00007ff940407000 	C:\WINDOWS\SYSTEM32\WINMM.dll
0x00007ff947d40000 - 0x00007ff947d8b000 	C:\WINDOWS\SYSTEM32\POWRPROF.dll
0x00007ff947bb0000 - 0x00007ff947bc2000 	C:\WINDOWS\SYSTEM32\UMPDC.dll
0x00007ff946650000 - 0x00007ff946662000 	C:\WINDOWS\SYSTEM32\kernel.appcore.dll
0x00007ff944080000 - 0x00007ff94408a000 	C:\Program Files\Java\jdk-21\bin\jimage.dll
0x00007ff932340000 - 0x00007ff932524000 	C:\WINDOWS\SYSTEM32\DBGHELP.DLL
0x00007ff92d3e0000 - 0x00007ff92d414000 	C:\WINDOWS\SYSTEM32\dbgcore.DLL
0x00007ff9487b0000 - 0x00007ff948832000 	C:\WINDOWS\System32\bcryptPrimitives.dll
0x00007ff944020000 - 0x00007ff94403f000 	C:\Program Files\Java\jdk-21\bin\java.dll

dbghelp: loaded successfully - version: 4.0.5 - missing functions: none
symbol engine: initialized successfully - sym options: 0x614 - pdb path: .;C:\Program Files\Java\jdk-21\bin;C:\WINDOWS\SYSTEM32;C:\WINDOWS\WinSxS\amd64_microsoft.windows.common-controls_6595b64144ccf1df_6.0.19041.4355_none_60b8b9eb71f62e16;C:\Program Files\Java\jdk-21\bin\server

VM Arguments:
jvm_args: -Dnet.bytebuddy.agent.attacher.dump= 
java_command: net.bytebuddy.agent.Attacher com.sun.tools.attach.VirtualMachine 3388 C:\Users\Ljubomir\.m2\repository\net\bytebuddy\byte-buddy-agent\1.15.10\byte-buddy-agent-1.15.10.jar false 
java_class_path (initial): C:\Users\Ljubomir\.m2\repository\net\bytebuddy\byte-buddy-agent\1.15.10\byte-buddy-agent-1.15.10.jar
Launcher Type: SUN_STANDARD

[Global flags]
     intx CICompilerCount                          = 3                                         {product} {ergonomic}
     uint ConcGCThreads                            = 1                                         {product} {ergonomic}
     uint G1ConcRefinementThreads                  = 4                                         {product} {ergonomic}
   size_t G1HeapRegionSize                         = 1048576                                   {product} {ergonomic}
    uintx GCDrainStackTargetSize                   = 64                                        {product} {ergonomic}
   size_t InitialHeapSize                          = 134217728                                 {product} {ergonomic}
   size_t MarkStackSize                            = 4194304                                   {product} {ergonomic}
   size_t MaxHeapSize                              = 2132803584                                {product} {ergonomic}
   size_t MinHeapDeltaBytes                        = 1048576                                   {product} {ergonomic}
   size_t MinHeapSize                              = 8388608                                   {product} {ergonomic}
    uintx NonNMethodCodeHeapSize                   = 5832780                                {pd product} {ergonomic}
    uintx NonProfiledCodeHeapSize                  = 122912730                              {pd product} {ergonomic}
    uintx ProfiledCodeHeapSize                     = 122912730                              {pd product} {ergonomic}
    uintx ReservedCodeCacheSize                    = 251658240                              {pd product} {ergonomic}
     bool SegmentedCodeCache                       = true                                      {product} {ergonomic}
   size_t SoftMaxHeapSize                          = 2132803584                             {manageable} {ergonomic}
     bool UseCompressedOops                        = true                           {product lp64_product} {ergonomic}
     bool UseG1GC                                  = true                                      {product} {ergonomic}
     bool UseLargePagesIndividualAllocation        = false                                  {pd product} {ergonomic}

Logging:
Log output configuration:
 #0: stdout all=warning uptime,level,tags foldmultilines=false
 #1: stderr all=off uptime,level,tags foldmultilines=false

Environment Variables:
JAVA_HOME=C:\Program Files\Java\jdk1.8.0_202
PATH=C:\Program Files\Common Files\Oracle\Java\javapath;C:\app\Ljubomir\product\21c\dbhomeXE\bin;C:\Program Files (x86)\Common Files\Oracle\Java\javapath;C:\Program Files (x86)\Common Files\Intel\Shared Libraries\redist\intel64\compiler;C:\WINDOWS\system32;C:\WINDOWS;C:\WINDOWS\System32\Wbem;C:\WINDOWS\System32\WindowsPowerShell\v1.0\;C:\Program Files (x86)\ATI Technologies\ATI.ACE\Core-Static;C:\Program Files (x86)\QuickTime\QTSystem\;C:\Program Files (x86)\AMD\ATI.ACE\Core-Static;C:\WINDOWS\System32\OpenSSH\;C:\Program Files (x86)\NVIDIA Corporation\PhysX\Common;C:\Program Files\dotnet\;C:\Program Files\Microsoft SQL Server\130\Tools\Binn\;C:\Program Files\Microsoft SQL Server\Client SDK\ODBC\170\Tools\Binn\;C:\WINDOWS\system32;C:\WINDOWS;C:\WINDOWS\System32\Wbem;C:\WINDOWS\System32\WindowsPowerShell\v1.0\;C:\WINDOWS\System32\OpenSSH\;C:\Program Files\nodejs\;C:\Program Files\Git\cmd;C:\data\neo4j;C:\data\neo4j\bin;C:\Program Files\MySQL\MySQL Server 8.0\bin;C:\Users\Ljubomir\anaconda3\Scripts;C:\Users\Ljubomir\AppData\Local\Programs\Python\Python39;C:\Users\Ljubomir\Downloads\maven\apache-maven-3.9.6\bin;;C:\Program Files\Docker\Docker\resources\bin;C:\Program Files\Common Files\Oracle\Java\javapath;C:\app\Ljubomir\product\21c\dbhomeXE\bin;C:\Program Files (x86)\Common Files\Oracle\Java\javapath;C:\Program Files (x86)\Common Files\Intel\Shared Libraries\redist\intel64\compiler;C:\WINDOWS\system32;C:\WINDOWS;C:\WINDOWS\System32\Wbem;C:\WINDOWS\System32\WindowsPowerShell\v1.0\;C:\Program Files (x86)\ATI Technologies\ATI.ACE\Core-Static;C:\Program Files (x86)\QuickTime\QTSystem\;C:\Program Files (x86)\AMD\ATI.ACE\Core-Static;C:\WINDOWS\System32\OpenSSH\;C:\Program Files (x86)\NVIDIA Corporation\PhysX\Common;C:\Program Files\dotnet\;C:\Program Files\Microsoft SQL Server\130\Tools\Binn\;C:\Program Files\Microsoft SQL Server\Client SDK\ODBC\170\Tools\Binn\;C:\WINDOWS\system32;C:\WINDOWS;C:\WINDOWS\System32\Wbem;C:\WINDOWS\System32\WindowsPowerShell\v1.0\;C:\WINDOWS\System32\OpenSSH\;C:\Program Files\nodejs\;C:\Program Files\Git\cmd;C:\Program Files\MATLAB\R2017a\runtime\win64;C:\Program Files\MATLAB\R2017a\bin;C:\data\neo4j;C:\data\neo4j\bin;C:\Program Files\MySQL\MySQL Server 8.0\bin;C:\Users\Ljubomir\anaconda3\Scripts;C:\Program Files\Java\jdk1.8.0_202\bin;C:\hadoop\bin;C:\Users\Ljubomir\anaconda3\envs\sisenando\Lib\site-packages\pyspark\bin;C:\Users\Ljubomir\AppData\Local\Programs\Microsoft VS Code\bin;C:\Users\Ljubomir\AppData\Local\JetBrains\Toolbox\scripts;
USERNAME=Ljubomir
OS=Windows_NT
PROCESSOR_IDENTIFIER=Intel64 Family 6 Model 60 Stepping 3, GenuineIntel
TMP=C:\Users\Ljubomir\AppData\Local\Temp
TEMP=C:\Users\Ljubomir\AppData\Local\Temp




Periodic native trim disabled

---------------  S Y S T E M  ---------------

OS:
 Windows 10 , 64 bit Build 19041 (10.0.19041.5072)
OS uptime: 0 days 3:05 hours

CPU: total 4 (initial active 4) (4 cores per cpu, 1 threads per core) family 6 model 60 stepping 3 microcode 0x27, cx8, cmov, fxsr, mmx, sse, sse2, sse3, ssse3, sse4.1, sse4.2, popcnt, lzcnt, tsc, tscinvbit, avx, avx2, aes, erms, clmul, bmi1, bmi2, fma, vzeroupper, clflush, rdtscp, f16c
Processor Information for all 4 processors :
  Max Mhz: 3401, Current Mhz: 3401, Mhz Limit: 3401

Memory: 4k page, system-wide physical 8133M (718M free)
TotalPageFile size 17130M (AvailPageFile size 102M)
current process WorkingSet (physical memory assigned to process): 10M, peak: 10M
current process commit charge ("private bytes"): 51M, peak: 179M

vm_info: Java HotSpot(TM) 64-Bit Server VM (21.0.1+12-LTS-29) for windows-amd64 JRE (21.0.1+12-LTS-29), built on 2023-10-05T13:27:09Z by "mach5one" with MS VC++ 17.1 (VS2022)

END.
